<?xml version="1.0" encoding="UTF-8"?>
<!-- Generated by org.testng.reporters.JUnitXMLReporter -->
<testsuite ignored="0" hostname="Amits-MacBook-Air.local" failures="1" tests="1" name="Test" time="9.795" errors="0" timestamp="2023-02-21T00:01:39 IST">
  <testcase classname="com.hrmProject.pageObjectClass.BaseClass" name="@AfterMethod closeBrowser" time="0.0">
    <failure type="java.lang.NullPointerException" message="Cannot invoke &amp;quot;org.openqa.selenium.WebDriver.quit()&amp;quot; because &amp;quot;com.hrmProject.pageObjectClass.BaseClass.driver&amp;quot; is null">
      <![CDATA[java.lang.NullPointerException: Cannot invoke "org.openqa.selenium.WebDriver.quit()" because "com.hrmProject.pageObjectClass.BaseClass.driver" is null
at com.hrmProject.pageObjectClass.BaseClass.closeBrowser(BaseClass.java:95)
at java.base/java.util.ArrayList.forEach(ArrayList.java:1510)
... Removed 32 stack frames]]>
    </failure>
  </testcase> <!-- @AfterMethod closeBrowser -->
  <testcase classname="com.hrmProject.testClass.TC_001_LoginTest" name="loginVerify" time="3.262">
    <failure type="java.lang.NullPointerException" message="Cannot invoke &amp;quot;org.openqa.selenium.SearchContext.findElement(org.openqa.selenium.By)&amp;quot; because &amp;quot;this.searchContext&amp;quot; is null">
      <![CDATA[java.lang.NullPointerException: Cannot invoke "org.openqa.selenium.SearchContext.findElement(org.openqa.selenium.By)" because "this.searchContext" is null
at org.openqa.selenium.support.pagefactory.DefaultElementLocator.findElement(DefaultElementLocator.java:70)
at org.openqa.selenium.support.pagefactory.internal.LocatingElementHandler.invoke(LocatingElementHandler.java:39)
at com.sun.proxy.$Proxy27.sendKeys(Unknown Source)
at com.hrmProject.pageObjectClass.loginPageClass.setUserName(loginPageClass.java:29)
at com.hrmProject.testClass.TC_001_LoginTest.loginVerify(TC_001_LoginTest.java:28)
at java.base/java.util.ArrayList.forEach(ArrayList.java:1510)
... Removed 27 stack frames]]>
    </failure>
  </testcase> <!-- loginVerify -->
</testsuite> <!-- Test -->
